2464 [main] INFO  c.b.samples.boot.main.Application - Starting Application v0.1.0 on DESKTOP-867SP8L with PID 10320 (C:\blogs\samples\spring-boot-docker\src\main\docker\spring-boot-docker-0.1.0.jar started by brianh in C:\blogs\samples\spring-boot-docker\src\main\docker) 
2623 [main] INFO  o.s.b.c.e.AnnotationConfigEmbeddedWebApplicationContext - Refreshing org.springframework.boot.context.embedded.AnnotationConfigEmbeddedWebApplicationContext@12c9d9a: startup date [Wed Jun 29 08:10:00 BST 2016]; root of context hierarchy 
5200 [main] INFO  o.s.b.f.s.DefaultListableBeanFactory - Overriding bean definition for bean 'beanNameViewResolver': replacing [Root bean: class [null]; scope=; abstract=false; lazyInit=false; autowireMode=3; dependencyCheck=0; autowireCandidate=true; primary=false; factoryBeanName=org.springframework.boot.autoconfigure.web.ErrorMvcAutoConfiguration$WhitelabelErrorViewConfiguration; factoryMethodName=beanNameViewResolver; initMethodName=null; destroyMethodName=(inferred); defined in class path resource [org/springframework/boot/autoconfigure/web/ErrorMvcAutoConfiguration$WhitelabelErrorViewConfiguration.class]] with [Root bean: class [null]; scope=; abstract=false; lazyInit=false; autowireMode=3; dependencyCheck=0; autowireCandidate=true; primary=false; factoryBeanName=org.springframework.boot.autoconfigure.web.WebMvcAutoConfiguration$WebMvcAutoConfigurationAdapter; factoryMethodName=beanNameViewResolver; initMethodName=null; destroyMethodName=(inferred); defined in class path resource [org/springframework/boot/autoconfigure/web/WebMvcAutoConfiguration$WebMvcAutoConfigurationAdapter.class]] 
6205 [main] INFO  o.h.validator.internal.util.Version - HV000001: Hibernate Validator 5.1.3.Final 
6781 [main] INFO  o.s.c.s.PostProcessorRegistrationDelegate$BeanPostProcessorChecker - Bean 'org.springframework.transaction.annotation.ProxyTransactionManagementConfiguration' of type [class org.springframework.transaction.annotation.ProxyTransactionManagementConfiguration$$EnhancerBySpringCGLIB$$4af29014] is not eligible for getting processed by all BeanPostProcessors (for example: not eligible for auto-proxying) 
6852 [main] INFO  o.s.c.s.PostProcessorRegistrationDelegate$BeanPostProcessorChecker - Bean 'transactionAttributeSource' of type [class org.springframework.transaction.annotation.AnnotationTransactionAttributeSource] is not eligible for getting processed by all BeanPostProcessors (for example: not eligible for auto-proxying) 
6892 [main] INFO  o.s.c.s.PostProcessorRegistrationDelegate$BeanPostProcessorChecker - Bean 'transactionInterceptor' of type [class org.springframework.transaction.interceptor.TransactionInterceptor] is not eligible for getting processed by all BeanPostProcessors (for example: not eligible for auto-proxying) 
6919 [main] INFO  o.s.c.s.PostProcessorRegistrationDelegate$BeanPostProcessorChecker - Bean 'org.springframework.transaction.config.internalTransactionAdvisor' of type [class org.springframework.transaction.interceptor.BeanFactoryTransactionAttributeSourceAdvisor] is not eligible for getting processed by all BeanPostProcessors (for example: not eligible for auto-proxying) 
8728 [main] INFO  o.s.b.c.e.t.TomcatEmbeddedServletContainer - Tomcat initialized with port(s): 8080 (http) 
9130 [main] INFO  o.a.catalina.core.StandardService - Starting service Tomcat 
9131 [main] INFO  o.a.catalina.core.StandardEngine - Starting Servlet Engine: Apache Tomcat/8.0.28 
10453 [localhost-startStop-1] INFO  o.a.c.c.C.[Tomcat].[localhost].[/] - Initializing Spring embedded WebApplicationContext 
10453 [localhost-startStop-1] INFO  o.s.web.context.ContextLoader - Root WebApplicationContext: initialization completed in 7850 ms 
12833 [localhost-startStop-1] INFO  o.s.b.c.e.ServletRegistrationBean - Mapping servlet: 'dispatcherServlet' to [/] 
12852 [localhost-startStop-1] INFO  o.s.b.c.e.FilterRegistrationBean - Mapping filter: 'metricFilter' to: [/*] 
12853 [localhost-startStop-1] INFO  o.s.b.c.e.FilterRegistrationBean - Mapping filter: 'characterEncodingFilter' to: [/*] 
12853 [localhost-startStop-1] INFO  o.s.b.c.e.FilterRegistrationBean - Mapping filter: 'hiddenHttpMethodFilter' to: [/*] 
12853 [localhost-startStop-1] INFO  o.s.b.c.e.FilterRegistrationBean - Mapping filter: 'webRequestLoggingFilter' to: [/*] 
12853 [localhost-startStop-1] INFO  o.s.b.c.e.FilterRegistrationBean - Mapping filter: 'applicationContextIdFilter' to: [/*] 
14590 [main] INFO  o.s.o.j.LocalContainerEntityManagerFactoryBean - Building JPA container EntityManagerFactory for persistence unit 'default' 
14651 [main] INFO  o.h.jpa.internal.util.LogHelper - HHH000204: Processing PersistenceUnitInfo [
	name: default
	...] 
14941 [main] INFO  org.hibernate.Version - HHH000412: Hibernate Core {4.3.11.Final} 
14950 [main] INFO  org.hibernate.cfg.Environment - HHH000206: hibernate.properties not found 
14955 [main] INFO  org.hibernate.cfg.Environment - HHH000021: Bytecode provider name : javassist 
15917 [main] INFO  o.h.annotations.common.Version - HCANN000001: Hibernate Commons Annotations {4.0.5.Final} 
16151 [main] INFO  org.hibernate.dialect.Dialect - HHH000400: Using dialect: org.hibernate.dialect.HSQLDialect 
16591 [main] INFO  o.h.h.i.a.ASTQueryTranslatorFactory - HHH000397: Using ASTQueryTranslatorFactory 
17524 [main] INFO  o.h.tool.hbm2ddl.SchemaExport - HHH000227: Running hbm2ddl schema export 
17552 [main] ERROR o.h.tool.hbm2ddl.SchemaExport - HHH000389: Unsuccessful: alter table customer drop constraint FK_r8whbd0mf9er6vwfr0sclsxkd 
17553 [main] ERROR o.h.tool.hbm2ddl.SchemaExport - user lacks privilege or object not found: PUBLIC.CUSTOMER 
17578 [main] INFO  o.h.tool.hbm2ddl.SchemaExport - HHH000230: Schema export complete 
19353 [main] INFO  o.s.w.s.m.m.a.RequestMappingHandlerAdapter - Looking for @ControllerAdvice: org.springframework.boot.context.embedded.AnnotationConfigEmbeddedWebApplicationContext@12c9d9a: startup date [Wed Jun 29 08:10:00 BST 2016]; root of context hierarchy 
19573 [main] INFO  o.s.w.s.m.m.a.RequestMappingHandlerMapping - Mapped "{[/rest/customers/{customerId}],methods=[PUT]}" onto public void com.blog.samples.boot.rest.controller.CustomerController.updateCustomer(com.blog.samples.boot.rest.model.Customer,java.lang.Long,javax.servlet.http.HttpServletResponse) 
19573 [main] INFO  o.s.w.s.m.m.a.RequestMappingHandlerMapping - Mapped "{[/rest/customers/{customerId}],methods=[DELETE]}" onto public void com.blog.samples.boot.rest.controller.CustomerController.removeCustomer(java.lang.Long,javax.servlet.http.HttpServletResponse) 
19573 [main] INFO  o.s.w.s.m.m.a.RequestMappingHandlerMapping - Mapped "{[/rest/customers/{customerId}],methods=[GET]}" onto public com.blog.samples.boot.rest.model.Customer com.blog.samples.boot.rest.controller.CustomerController.getCustomer(java.lang.Long) 
19573 [main] INFO  o.s.w.s.m.m.a.RequestMappingHandlerMapping - Mapped "{[/rest/customers],methods=[GET]}" onto public java.util.List<com.blog.samples.boot.rest.model.Customer> com.blog.samples.boot.rest.controller.CustomerController.getCustomers() 
19573 [main] INFO  o.s.w.s.m.m.a.RequestMappingHandlerMapping - Mapped "{[/rest/customers],methods=[POST]}" onto public com.blog.samples.boot.rest.model.Customer com.blog.samples.boot.rest.controller.CustomerController.createCustomer(com.blog.samples.boot.rest.model.Customer,javax.servlet.http.HttpServletResponse,org.springframework.web.context.request.WebRequest) 
19576 [main] INFO  o.s.w.s.m.m.a.RequestMappingHandlerMapping - Mapped "{[/error]}" onto public org.springframework.http.ResponseEntity<java.util.Map<java.lang.String, java.lang.Object>> org.springframework.boot.autoconfigure.web.BasicErrorController.error(javax.servlet.http.HttpServletRequest) 
19577 [main] INFO  o.s.w.s.m.m.a.RequestMappingHandlerMapping - Mapped "{[/error],produces=[text/html]}" onto public org.springframework.web.servlet.ModelAndView org.springframework.boot.autoconfigure.web.BasicErrorController.errorHtml(javax.servlet.http.HttpServletRequest) 
19692 [main] INFO  o.s.w.s.h.SimpleUrlHandlerMapping - Mapped URL path [/webjars/**] onto handler of type [class org.springframework.web.servlet.resource.ResourceHttpRequestHandler] 
19693 [main] INFO  o.s.w.s.h.SimpleUrlHandlerMapping - Mapped URL path [/**] onto handler of type [class org.springframework.web.servlet.resource.ResourceHttpRequestHandler] 
19760 [main] INFO  o.s.w.s.m.m.a.ExceptionHandlerExceptionResolver - Detected @ExceptionHandler methods in controllerExceptionHandler 
19846 [main] INFO  o.s.w.s.h.SimpleUrlHandlerMapping - Mapped URL path [/**/favicon.ico] onto handler of type [class org.springframework.web.servlet.resource.ResourceHttpRequestHandler] 
21152 [main] INFO  o.s.b.a.e.m.EndpointHandlerMapping - Mapped "{[/health]}" onto public java.lang.Object org.springframework.boot.actuate.endpoint.mvc.HealthMvcEndpoint.invoke(java.security.Principal) 
21153 [main] INFO  o.s.b.a.e.m.EndpointHandlerMapping - Mapped "{[/dump],methods=[GET]}" onto public java.lang.Object org.springframework.boot.actuate.endpoint.mvc.EndpointMvcAdapter.invoke() 
21153 [main] INFO  o.s.b.a.e.m.EndpointHandlerMapping - Mapped "{[/info],methods=[GET]}" onto public java.lang.Object org.springframework.boot.actuate.endpoint.mvc.EndpointMvcAdapter.invoke() 
21154 [main] INFO  o.s.b.a.e.m.EndpointHandlerMapping - Mapped "{[/autoconfig],methods=[GET]}" onto public java.lang.Object org.springframework.boot.actuate.endpoint.mvc.EndpointMvcAdapter.invoke() 
21154 [main] INFO  o.s.b.a.e.m.EndpointHandlerMapping - Mapped "{[/beans],methods=[GET]}" onto public java.lang.Object org.springframework.boot.actuate.endpoint.mvc.EndpointMvcAdapter.invoke() 
21154 [main] INFO  o.s.b.a.e.m.EndpointHandlerMapping - Mapped "{[/env/{name:.*}],methods=[GET]}" onto public java.lang.Object org.springframework.boot.actuate.endpoint.mvc.EnvironmentMvcEndpoint.value(java.lang.String) 
21155 [main] INFO  o.s.b.a.e.m.EndpointHandlerMapping - Mapped "{[/env],methods=[GET]}" onto public java.lang.Object org.springframework.boot.actuate.endpoint.mvc.EndpointMvcAdapter.invoke() 
21155 [main] INFO  o.s.b.a.e.m.EndpointHandlerMapping - Mapped "{[/metrics/{name:.*}],methods=[GET]}" onto public java.lang.Object org.springframework.boot.actuate.endpoint.mvc.MetricsMvcEndpoint.value(java.lang.String) 
21155 [main] INFO  o.s.b.a.e.m.EndpointHandlerMapping - Mapped "{[/metrics],methods=[GET]}" onto public java.lang.Object org.springframework.boot.actuate.endpoint.mvc.EndpointMvcAdapter.invoke() 
21155 [main] INFO  o.s.b.a.e.m.EndpointHandlerMapping - Mapped "{[/mappings],methods=[GET]}" onto public java.lang.Object org.springframework.boot.actuate.endpoint.mvc.EndpointMvcAdapter.invoke() 
21156 [main] INFO  o.s.b.a.e.m.EndpointHandlerMapping - Mapped "{[/trace],methods=[GET]}" onto public java.lang.Object org.springframework.boot.actuate.endpoint.mvc.EndpointMvcAdapter.invoke() 
21156 [main] INFO  o.s.b.a.e.m.EndpointHandlerMapping - Mapped "{[/configprops],methods=[GET]}" onto public java.lang.Object org.springframework.boot.actuate.endpoint.mvc.EndpointMvcAdapter.invoke() 
21385 [main] INFO  o.s.j.e.a.AnnotationMBeanExporter - Registering beans for JMX exposure on startup 
21395 [main] INFO  o.s.b.a.e.jmx.EndpointMBeanExporter - Registering beans for JMX exposure on startup 
21404 [main] INFO  o.s.c.s.DefaultLifecycleProcessor - Starting beans in phase 0 
21409 [main] INFO  o.s.b.a.e.jmx.EndpointMBeanExporter - Located managed bean 'requestMappingEndpoint': registering with JMX server as MBean [org.springframework.boot:type=Endpoint,name=requestMappingEndpoint] 
21499 [main] INFO  o.s.b.a.e.jmx.EndpointMBeanExporter - Located managed bean 'environmentEndpoint': registering with JMX server as MBean [org.springframework.boot:type=Endpoint,name=environmentEndpoint] 
21510 [main] INFO  o.s.b.a.e.jmx.EndpointMBeanExporter - Located managed bean 'healthEndpoint': registering with JMX server as MBean [org.springframework.boot:type=Endpoint,name=healthEndpoint] 
21517 [main] INFO  o.s.b.a.e.jmx.EndpointMBeanExporter - Located managed bean 'beansEndpoint': registering with JMX server as MBean [org.springframework.boot:type=Endpoint,name=beansEndpoint] 
21525 [main] INFO  o.s.b.a.e.jmx.EndpointMBeanExporter - Located managed bean 'infoEndpoint': registering with JMX server as MBean [org.springframework.boot:type=Endpoint,name=infoEndpoint] 
21532 [main] INFO  o.s.b.a.e.jmx.EndpointMBeanExporter - Located managed bean 'metricsEndpoint': registering with JMX server as MBean [org.springframework.boot:type=Endpoint,name=metricsEndpoint] 
21539 [main] INFO  o.s.b.a.e.jmx.EndpointMBeanExporter - Located managed bean 'traceEndpoint': registering with JMX server as MBean [org.springframework.boot:type=Endpoint,name=traceEndpoint] 
21546 [main] INFO  o.s.b.a.e.jmx.EndpointMBeanExporter - Located managed bean 'dumpEndpoint': registering with JMX server as MBean [org.springframework.boot:type=Endpoint,name=dumpEndpoint] 
21558 [main] INFO  o.s.b.a.e.jmx.EndpointMBeanExporter - Located managed bean 'autoConfigurationAuditEndpoint': registering with JMX server as MBean [org.springframework.boot:type=Endpoint,name=autoConfigurationAuditEndpoint] 
21567 [main] INFO  o.s.b.a.e.jmx.EndpointMBeanExporter - Located managed bean 'configurationPropertiesReportEndpoint': registering with JMX server as MBean [org.springframework.boot:type=Endpoint,name=configurationPropertiesReportEndpoint] 
23825 [main] INFO  o.a.coyote.http11.Http11NioProtocol - Initializing ProtocolHandler ["http-nio-8080"] 
23852 [main] INFO  o.a.coyote.http11.Http11NioProtocol - Starting ProtocolHandler ["http-nio-8080"] 
23958 [main] INFO  o.a.tomcat.util.net.NioSelectorPool - Using a shared selector for servlet write/read 
24034 [main] INFO  o.s.b.c.e.t.TomcatEmbeddedServletContainer - Tomcat started on port(s): 8080 (http) 
24039 [main] INFO  c.b.samples.boot.main.Application - Started Application in 22.255 seconds (JVM running for 25.649) 
36287 [http-nio-8080-exec-1] INFO  o.a.c.c.C.[Tomcat].[localhost].[/] - Initializing Spring FrameworkServlet 'dispatcherServlet' 
36287 [http-nio-8080-exec-1] INFO  o.s.web.servlet.DispatcherServlet - FrameworkServlet 'dispatcherServlet': initialization started 
36365 [http-nio-8080-exec-1] INFO  o.s.web.servlet.DispatcherServlet - FrameworkServlet 'dispatcherServlet': initialization completed in 77 ms 
57694 [Thread-4] INFO  o.s.b.c.e.AnnotationConfigEmbeddedWebApplicationContext - Closing org.springframework.boot.context.embedded.AnnotationConfigEmbeddedWebApplicationContext@12c9d9a: startup date [Wed Jun 29 08:10:00 BST 2016]; root of context hierarchy 
57697 [Thread-4] INFO  o.s.c.s.DefaultLifecycleProcessor - Stopping beans in phase 0 
57702 [Thread-4] INFO  o.s.b.a.e.jmx.EndpointMBeanExporter - Unregistering JMX-exposed beans on shutdown 
57702 [Thread-4] INFO  o.s.b.a.e.jmx.EndpointMBeanExporter - Unregistering JMX-exposed beans 
57703 [Thread-4] INFO  o.s.j.e.a.AnnotationMBeanExporter - Unregistering JMX-exposed beans on shutdown 
57711 [Thread-4] INFO  o.s.o.j.LocalContainerEntityManagerFactoryBean - Closing JPA EntityManagerFactory for persistence unit 'default' 
57711 [Thread-4] INFO  o.h.tool.hbm2ddl.SchemaExport - HHH000227: Running hbm2ddl schema export 
57726 [Thread-4] INFO  o.h.tool.hbm2ddl.SchemaExport - HHH000230: Schema export complete 
